<?xml version="1.0" encoding="UTF-8"?>
<testsuite xmlns:xsi="http://www.w3.org/2001/XMLSchema-instance" xsi:noNamespaceSchemaLocation="https://maven.apache.org/surefire/maven-surefire-plugin/xsd/surefire-test-report.xsd" version="3.0.2" name="source.restapi.RestApiApplicationTests" time="1.263" tests="1" errors="0" skipped="0" failures="0">
  <properties>
[...]
</properties>
  <testcase name="contextLoads" classname="source.restapi.RestApiApplicationTests" time="0.364">
    <system-out><![CDATA[02:24:12.197 [main] INFO org.springframework.test.context.support.AnnotationConfigContextLoaderUtils -- Could not detect default configuration classes for test class [source.restapi.RestApiApplicationTests]: RestApiApplicationTests does not declare any static, non-private, non-final, nested classes annotated with @Configuration.
02:24:12.243 [main] INFO org.springframework.boot.test.context.SpringBootTestContextBootstrapper -- Found @SpringBootConfiguration source.restapi.RestApiApplication for test class source.restapi.RestApiApplicationTests
02:24:12.290 [main] INFO org.springframework.boot.devtools.restart.RestartApplicationListener -- Restart disabled due to context in which it is running

  .   ____          _            __ _ _
 /\\ / ___'_ __ _ _(_)_ __  __ _ \ \ \ \
( ( )\___ | '_ | '_| | '_ \/ _` | \ \ \ \
 \\/  ___)| |_)| | | | | || (_| |  ) ) ) )
  '  |____| .__|_| |_|_| |_\__, | / / / /
 =========|_|==============|___/=/_/_/_/

 :: Spring Boot ::                (v3.4.4)

2025-03-30T02:24:12.375+09:00  INFO 93923 --- [RestAPI] [           main] source.restapi.RestApiApplicationTests   : Starting RestApiApplicationTests using Java 23.0.1 with PID 93923 (started by rajkumarsony in /Users/rajkumarsony/Documents/workspace/Development/RestAPI)
2025-03-30T02:24:12.376+09:00  INFO 93923 --- [RestAPI] [           main] source.restapi.RestApiApplicationTests   : No active profile set, falling back to 1 default profile: "default"
2025-03-30T02:24:12.563+09:00  INFO 93923 --- [RestAPI] [           main] .s.d.r.c.RepositoryConfigurationDelegate : Bootstrapping Spring Data MongoDB repositories in DEFAULT mode.
2025-03-30T02:24:12.581+09:00  INFO 93923 --- [RestAPI] [           main] .s.d.r.c.RepositoryConfigurationDelegate : Finished Spring Data repository scanning in 16 ms. Found 1 MongoDB repository interface.
2025-03-30T02:24:12.769+09:00  INFO 93923 --- [RestAPI] [           main] org.mongodb.driver.client                : MongoClient with metadata {"driver": {"name": "mongo-java-driver|sync|spring-boot", "version": "5.2.1"}, "os": {"type": "Darwin", "name": "Mac OS X", "architecture": "aarch64", "version": "15.3.2"}, "platform": "Java/Homebrew/23.0.1"} created with settings MongoClientSettings{readPreference=primary, writeConcern=WriteConcern{w=null, wTimeout=null ms, journal=null}, retryWrites=true, retryReads=true, readConcern=ReadConcern{level=null}, credential=MongoCredential{mechanism=null, userName='RajkumarSony', source='admin', password=<hidden>, mechanismProperties=<hidden>}, transportSettings=null, commandListeners=[], codecRegistry=ProvidersCodecRegistry{codecProviders=[ValueCodecProvider{}, BsonValueCodecProvider{}, DBRefCodecProvider{}, DBObjectCodecProvider{}, DocumentCodecProvider{}, CollectionCodecProvider{}, IterableCodecProvider{}, MapCodecProvider{}, GeoJsonCodecProvider{}, GridFSFileCodecProvider{}, Jsr310CodecProvider{}, JsonObjectCodecProvider{}, BsonCodecProvider{}, EnumCodecProvider{}, com.mongodb.client.model.mql.ExpressionCodecProvider@39ee94de, com.mongodb.Jep395RecordCodecProvider@642857e0, com.mongodb.KotlinCodecProvider@4c6b4ed7]}, loggerSettings=LoggerSettings{maxDocumentLength=1000}, clusterSettings={hosts=[127.0.0.1:27017], srvHost=mynew.ml5z0.mongodb.net, srvServiceName=mongodb, mode=MULTIPLE, requiredClusterType=REPLICA_SET, requiredReplicaSetName='atlas-6u9itb-shard-0', serverSelector='null', clusterListeners='[]', serverSelectionTimeout='30000 ms', localThreshold='15 ms'}, socketSettings=SocketSettings{connectTimeoutMS=10000, readTimeoutMS=0, receiveBufferSize=0, proxySettings=ProxySettings{host=null, port=null, username=null, password=null}}, heartbeatSocketSettings=SocketSettings{connectTimeoutMS=10000, readTimeoutMS=10000, receiveBufferSize=0, proxySettings=ProxySettings{host=null, port=null, username=null, password=null}}, connectionPoolSettings=ConnectionPoolSettings{maxSize=100, minSize=0, maxWaitTimeMS=120000, maxConnectionLifeTimeMS=0, maxConnectionIdleTimeMS=0, maintenanceInitialDelayMS=0, maintenanceFrequencyMS=60000, connectionPoolListeners=[], maxConnecting=2}, serverSettings=ServerSettings{heartbeatFrequencyMS=10000, minHeartbeatFrequencyMS=500, serverMonitoringMode=AUTO, serverListeners='[]', serverMonitorListeners='[]'}, sslSettings=SslSettings{enabled=true, invalidHostNameAllowed=false, context=null}, applicationName='null', compressorList=[], uuidRepresentation=JAVA_LEGACY, serverApi=null, autoEncryptionSettings=null, dnsClient=null, inetAddressResolver=null, contextProvider=null, timeoutMS=null}
2025-03-30T02:24:12.815+09:00  INFO 93923 --- [RestAPI] [5z0.mongodb.net] org.mongodb.driver.cluster               : Adding discovered server mynew-shard-00-01.ml5z0.mongodb.net:27017 to client view of cluster
2025-03-30T02:24:12.824+09:00  INFO 93923 --- [RestAPI] [5z0.mongodb.net] org.mongodb.driver.cluster               : Adding discovered server mynew-shard-00-02.ml5z0.mongodb.net:27017 to client view of cluster
2025-03-30T02:24:12.825+09:00  INFO 93923 --- [RestAPI] [5z0.mongodb.net] org.mongodb.driver.cluster               : Adding discovered server mynew-shard-00-00.ml5z0.mongodb.net:27017 to client view of cluster
2025-03-30T02:24:13.028+09:00  INFO 93923 --- [RestAPI] [           main] source.restapi.RestApiApplicationTests   : Started RestApiApplicationTests in 0.741 seconds (process running for 1.097)
]]></system-out>
    <system-err><![CDATA[Mockito is currently self-attaching to enable the inline-mock-maker. This will no longer work in future releases of the JDK. Please add Mockito as an agent to your build what is described in Mockito's documentation: https://javadoc.io/doc/org.mockito/mockito-core/latest/org/mockito/Mockito.html#0.3
WARNING: A Java agent has been loaded dynamically (/Users/rajkumarsony/.m2/repository/net/bytebuddy/byte-buddy-agent/1.15.11/byte-buddy-agent-1.15.11.jar)
WARNING: If a serviceability tool is in use, please run with -XX:+EnableDynamicAgentLoading to hide this warning
WARNING: If a serviceability tool is not in use, please run with -Djdk.instrument.traceUsage for more information
WARNING: Dynamic loading of agents will be disallowed by default in a future release
]]></system-err>
  </testcase>
</testsuite>